INFO:root:Starting..
INFO:root:https://wallpaperscraft.com/image/baking_food_drink_breakfast_88294_300x187.jpg
INFO:root:['C:\\Users\\Admin\\AppData\\Local\\Temp\\ufi35a.tmp.000']
INFO:root:https://wallpaperscraft.com/image/soap_handmade_aroma_110162_3840x2160.jpg
INFO:root:['C:\\Users\\Admin\\AppData\\Local\\Temp\\edgmwi.tmp.000']
INFO:root:https://wallpaperscraft.com/image/porsche_718_boxster_convertible_yellow_110155_3840x2160.jpg
INFO:root:https://wallpaperscraft.com/image/buns_cinnamon_baking_110165_2560x1600.jpg
INFO:root:['C:\\Users\\Admin\\AppData\\Local\\Temp\\f3c33w.tmp.000']
INFO:root:['C:\\Users\\Admin\\AppData\\Local\\Temp\\cgggrt.tmp.000']
INFO:root:C:\Users\Admin\AppData\Local\Temp\ufi35a.tmp.000
ERROR:root:global name 'self' is not defined
INFO:root:C:\Users\Admin\AppData\Local\Temp\edgmwi.tmp.000
INFO:root:C:\Users\Admin\AppData\Local\Temp\cgggrt.tmp.000
INFO:root:C:\Users\Admin\AppData\Local\Temp\f3c33w.tmp.000
INFO:root:http://www.planwallpaper.com/static/images/latest.jpg
INFO:root:http://www.planwallpaper.com/static/images/Light-Wood-Background-Wallpaper.jpg
INFO:root:http://www.planwallpaper.com/static/images/colorful-triangles-background_yB0qTG6_dyJop8X.jpg
INFO:root:http://www.planwallpaper.com/static/images/recycled_texture_background.jpg
INFO:root:['C:\\Users\\Admin\\AppData\\Local\\Temp\\9i0y24.tmp.000']
INFO:root:['C:\\Users\\Admin\\AppData\\Local\\Temp\\sd3adq.tmp.000']
INFO:root:['C:\\Users\\Admin\\AppData\\Local\\Temp\\hjahpp.tmp.000']
INFO:root:['C:\\Users\\Admin\\AppData\\Local\\Temp\\y61rcu.tmp.000']
INFO:root:C:\Users\Admin\AppData\Local\Temp\9i0y24.tmp.000
INFO:root:C:\Users\Admin\AppData\Local\Temp\y61rcu.tmp.000
INFO:root:C:\Users\Admin\AppData\Local\Temp\sd3adq.tmp.000
INFO:root:C:\Users\Admin\AppData\Local\Temp\hjahpp.tmp.000
INFO:root:http://www.planwallpaper.com/static/images/fire_fist_vs_water_fist-wallpaper-1920x1080_DSxKVzg.jpg
INFO:root:http://www.planwallpaper.com/static/images/Seamless-Polygon-Backgrounds-Vol2-full.jpg
INFO:root:['C:\\Users\\Admin\\AppData\\Local\\Temp\\flccef.tmp.000']
INFO:root:['C:\\Users\\Admin\\AppData\\Local\\Temp\\9q60fm.tmp.000']
INFO:root:http://www.planwallpaper.com/static/images/Alien_Ink_2560X1600_Abstract_Background.jpg
INFO:root:['C:\\Users\\Admin\\AppData\\Local\\Temp\\rhr2iu.tmp.000']
INFO:root:http://www.planwallpaper.com/static/images/6999064-indian-beach-wallpaper_XEK3Udy.jpg
INFO:root:['C:\\Users\\Admin\\AppData\\Local\\Temp\\umjp9g.tmp.000']
INFO:root:C:\Users\Admin\AppData\Local\Temp\9q60fm.tmp.000
INFO:root:C:\Users\Admin\AppData\Local\Temp\umjp9g.tmp.000
INFO:root:http://www.planwallpaper.com/static/images/555837.jpg
INFO:root:['C:\\Users\\Admin\\AppData\\Local\\Temp\\wo8lux.tmp.000']
INFO:root:C:\Users\Admin\AppData\Local\Temp\flccef.tmp.000
INFO:root:http://www.planwallpaper.com/static/images/kartandtinki1_photo-wallpapers_02.jpg
INFO:root:['C:\\Users\\Admin\\AppData\\Local\\Temp\\lpupsx.tmp.000']
INFO:root:http://www.planwallpaper.com/static/images/HD-Wallpapers1.jpeg
INFO:root:['C:\\Users\\Admin\\AppData\\Local\\Temp\\ewlhtj.tmp.000']
INFO:root:C:\Users\Admin\AppData\Local\Temp\lpupsx.tmp.000
INFO:root:C:\Users\Admin\AppData\Local\Temp\ewlhtj.tmp.000
INFO:root:C:\Users\Admin\AppData\Local\Temp\wo8lux.tmp.000
INFO:root:http://www.planwallpaper.com/static/images/Technology-Wallpaper-14.jpg
INFO:root:['C:\\Users\\Admin\\AppData\\Local\\Temp\\ccjrs9.tmp.000']
INFO:root:http://www.planwallpaper.com/static/images/11-sea-beach-sand-wallpaper_sf9i1b6.jpg
INFO:root:['C:\\Users\\Admin\\AppData\\Local\\Temp\\2_zv_p.tmp.000']
INFO:root:http://www.planwallpaper.com/static/images/wallpaper-11628192.jpg
INFO:root:['C:\\Users\\Admin\\AppData\\Local\\Temp\\xwphh6.tmp.000']
INFO:root:C:\Users\Admin\AppData\Local\Temp\rhr2iu.tmp.000
INFO:root:C:\Users\Admin\AppData\Local\Temp\xwphh6.tmp.000
INFO:root:http://images.all-free-download.com/images/graphiclarge/different_sized_the_big_and_the_small_comparison_of_the_240150.jpg
INFO:root:['C:\\Users\\Admin\\AppData\\Local\\Temp\\2v9pu9.tmp.000']
INFO:root:C:\Users\Admin\AppData\Local\Temp\2_zv_p.tmp.000
INFO:root:https://pixabay.com/static/uploads/photo/2016/06/10/22/25/ortler-1449018_960_720.jpg
INFO:root:['C:\\Users\\Admin\\AppData\\Local\\Temp\\a15s16.tmp.000']
INFO:root:C:\Users\Admin\AppData\Local\Temp\2v9pu9.tmp.000
INFO:root:C:\Users\Admin\AppData\Local\Temp\ccjrs9.tmp.000
INFO:root:C:\Users\Admin\AppData\Local\Temp\a15s16.tmp.000
INFO:root:https://pixabay.com/static/uploads/photo/2015/03/12/06/34/woodland-669737_960_720.jpg
INFO:root:['C:\\Users\\Admin\\AppData\\Local\\Temp\\um_nn6.tmp.000']
INFO:root:https://pixabay.com/static/uploads/photo/2016/02/05/17/00/mountains-1181506_960_720.jpg
INFO:root:['C:\\Users\\Admin\\AppData\\Local\\Temp\\2si4kb.tmp.000']
INFO:root:C:\Users\Admin\AppData\Local\Temp\um_nn6.tmp.000
INFO:root:C:\Users\Admin\AppData\Local\Temp\2si4kb.tmp.000
INFO:root:Total files downloaded 22
